time: 2015-07-22 13:16:26.719736
args: {'profile': True, 'domain': True, 'nprocs': -1, 'n': 3, 'codomain': False, 'sge': False}
         525 function calls in 0.006 seconds

   Ordered by: internal time, call count

   ncalls  tottime  percall  cumtime  percall filename:lineno(function)
        1    0.004    0.004    0.006    0.006 reachability.py:39(create_domain)
      513    0.002    0.000    0.002    0.000 reachability.py:30(generate_empty_graph)
       11    0.000    0.000    0.000    0.000 reachability.py:48(<genexpr>)
        0    0.000             0.000          profile:0(profiler)


Graph count: 512
Graph size: 4280 Bytes
Avg. Graph size: 8.359375 Bytes
time: 2015-07-22 13:17:19.484004
args: {'profile': True, 'domain': True, 'nprocs': -1, 'n': 3, 'codomain': False, 'sge': False}
         1039 function calls in 0.003 seconds

   Ordered by: internal time, call count

   ncalls  tottime  percall  cumtime  percall filename:lineno(function)
        1    0.002    0.002    0.003    0.003 reachability.py:40(create_domain)
      513    0.000    0.000    0.000    0.000 copy.py:113(_copy_with_constructor)
      513    0.000    0.000    0.001    0.000 copy.py:66(copy)
       11    0.000    0.000    0.000    0.000 reachability.py:49(<genexpr>)
        1    0.000    0.000    0.000    0.000 reachability.py:31(generate_empty_graph)
        0    0.000             0.000          profile:0(profiler)


Graph count: 512
Graph size: 4280 Bytes
Avg. Graph size: 8.359375 Bytes
