time: 2015-07-22 13:16:31.268134
args: {'profile': True, 'domain': True, 'nprocs': -1, 'n': 2, 'codomain': False, 'sge': False}
         24 function calls in 0.000 seconds

   Ordered by: internal time, call count

   ncalls  tottime  percall  cumtime  percall filename:lineno(function)
       17    0.000    0.000    0.000    0.000 reachability.py:30(generate_empty_graph)
        1    0.000    0.000    0.000    0.000 reachability.py:39(create_domain)
        6    0.000    0.000    0.000    0.000 reachability.py:48(<genexpr>)
        0    0.000             0.000          profile:0(profiler)


Graph count: 16
Graph size: 200 Bytes
Avg. Graph size: 12.5 Bytes
time: 2015-07-22 13:17:13.998346
args: {'profile': True, 'domain': True, 'nprocs': -1, 'n': 2, 'codomain': False, 'sge': False}
         42 function calls in 0.000 seconds

   Ordered by: internal time, call count

   ncalls  tottime  percall  cumtime  percall filename:lineno(function)
        1    0.000    0.000    0.000    0.000 reachability.py:40(create_domain)
       17    0.000    0.000    0.000    0.000 copy.py:113(_copy_with_constructor)
       17    0.000    0.000    0.000    0.000 copy.py:66(copy)
        6    0.000    0.000    0.000    0.000 reachability.py:49(<genexpr>)
        1    0.000    0.000    0.000    0.000 reachability.py:31(generate_empty_graph)
        0    0.000             0.000          profile:0(profiler)


Graph count: 16
Graph size: 200 Bytes
Avg. Graph size: 12.5 Bytes
